[14-Jul-2016 06:26:30 UTC] PHP Parse error:  syntax error, unexpected '$query' (T_VARIABLE), expecting ',' or ';' in /home/ubuntu/workspace/template/savedata.php on line 14
[14-Jul-2016 19:15:47 UTC] PHP Parse error:  syntax error, unexpected '$searchText' (T_VARIABLE), expecting ',' or ';' in /home/ubuntu/workspace/template/admissionListTemp.php on line 34
[14-Jul-2016 19:16:02 UTC] PHP Parse error:  syntax error, unexpected ')' in /home/ubuntu/workspace/template/admissionListTemp.php on line 51
[14-Jul-2016 19:16:59 UTC] PHP Parse error:  syntax error, unexpected ')' in /home/ubuntu/workspace/template/admissionListTemp.php on line 51
[14-Jul-2016 19:18:53 UTC] PHP Parse error:  syntax error, unexpected ')' in /home/ubuntu/workspace/template/admissionListTemp.php on line 51
[14-Jul-2016 19:19:20 UTC] PHP Parse error:  syntax error, unexpected ')' in /home/ubuntu/workspace/template/admissionListTemp.php on line 51
[14-Jul-2016 19:19:21 UTC] PHP Parse error:  syntax error, unexpected ')' in /home/ubuntu/workspace/template/admissionListTemp.php on line 51
[14-Jul-2016 19:34:47 UTC] PHP Warning:  mysql_query() expects at least 1 parameter, 0 given in /home/ubuntu/workspace/template/admissionListTemp.php on line 98
[14-Jul-2016 19:34:47 UTC] PHP Stack trace:
[14-Jul-2016 19:34:47 UTC] PHP   1. {main}() /home/ubuntu/workspace/template/admissionListTemp.php:0
[14-Jul-2016 19:34:47 UTC] PHP   2. mysql_query() /home/ubuntu/workspace/template/admissionListTemp.php:98
[14-Jul-2016 19:34:47 UTC] PHP Warning:  mysql_fetch_array() expects parameter 1 to be resource, null given in /home/ubuntu/workspace/template/admissionListTemp.php on line 123
[14-Jul-2016 19:34:47 UTC] PHP Stack trace:
[14-Jul-2016 19:34:47 UTC] PHP   1. {main}() /home/ubuntu/workspace/template/admissionListTemp.php:0
[14-Jul-2016 19:34:47 UTC] PHP   2. mysql_fetch_array() /home/ubuntu/workspace/template/admissionListTemp.php:123
[14-Jul-2016 19:35:29 UTC] PHP Warning:  mysql_fetch_array() expects parameter 1 to be resource, boolean given in /home/ubuntu/workspace/template/admissionListTemp.php on line 123
[14-Jul-2016 19:35:29 UTC] PHP Stack trace:
[14-Jul-2016 19:35:29 UTC] PHP   1. {main}() /home/ubuntu/workspace/template/admissionListTemp.php:0
[14-Jul-2016 19:35:29 UTC] PHP   2. mysql_fetch_array() /home/ubuntu/workspace/template/admissionListTemp.php:123
[14-Jul-2016 19:35:39 UTC] PHP Warning:  mysql_fetch_array() expects parameter 1 to be resource, boolean given in /home/ubuntu/workspace/template/admissionListTemp.php on line 123
[14-Jul-2016 19:35:39 UTC] PHP Stack trace:
[14-Jul-2016 19:35:39 UTC] PHP   1. {main}() /home/ubuntu/workspace/template/admissionListTemp.php:0
[14-Jul-2016 19:35:39 UTC] PHP   2. mysql_fetch_array() /home/ubuntu/workspace/template/admissionListTemp.php:123
[14-Jul-2016 19:35:41 UTC] PHP Warning:  mysql_fetch_array() expects parameter 1 to be resource, boolean given in /home/ubuntu/workspace/template/admissionListTemp.php on line 123
[14-Jul-2016 19:35:41 UTC] PHP Stack trace:
[14-Jul-2016 19:35:41 UTC] PHP   1. {main}() /home/ubuntu/workspace/template/admissionListTemp.php:0
[14-Jul-2016 19:35:41 UTC] PHP   2. mysql_fetch_array() /home/ubuntu/workspace/template/admissionListTemp.php:123
[14-Jul-2016 19:35:59 UTC] PHP Warning:  mysql_fetch_array() expects parameter 1 to be resource, boolean given in /home/ubuntu/workspace/template/admissionListTemp.php on line 123
[14-Jul-2016 19:35:59 UTC] PHP Stack trace:
[14-Jul-2016 19:35:59 UTC] PHP   1. {main}() /home/ubuntu/workspace/template/admissionListTemp.php:0
[14-Jul-2016 19:35:59 UTC] PHP   2. mysql_fetch_array() /home/ubuntu/workspace/template/admissionListTemp.php:123
[14-Jul-2016 19:36:00 UTC] PHP Warning:  mysql_fetch_array() expects parameter 1 to be resource, boolean given in /home/ubuntu/workspace/template/admissionListTemp.php on line 123
[14-Jul-2016 19:36:00 UTC] PHP Stack trace:
[14-Jul-2016 19:36:00 UTC] PHP   1. {main}() /home/ubuntu/workspace/template/admissionListTemp.php:0
[14-Jul-2016 19:36:00 UTC] PHP   2. mysql_fetch_array() /home/ubuntu/workspace/template/admissionListTemp.php:123
[14-Jul-2016 19:37:17 UTC] PHP Warning:  mysql_fetch_array() expects parameter 1 to be resource, boolean given in /home/ubuntu/workspace/template/admissionListTemp.php on line 123
[14-Jul-2016 19:37:17 UTC] PHP Stack trace:
[14-Jul-2016 19:37:17 UTC] PHP   1. {main}() /home/ubuntu/workspace/template/admissionListTemp.php:0
[14-Jul-2016 19:37:17 UTC] PHP   2. mysql_fetch_array() /home/ubuntu/workspace/template/admissionListTemp.php:123
[14-Jul-2016 19:47:34 UTC] PHP Parse error:  syntax error, unexpected 'if' (T_IF) in /home/ubuntu/workspace/template/admissionListTemp.php on line 75
[14-Jul-2016 19:47:46 UTC] PHP Parse error:  syntax error, unexpected 'if' (T_IF) in /home/ubuntu/workspace/template/admissionListTemp.php on line 75
[14-Jul-2016 19:47:52 UTC] PHP Fatal error:  Function name must be a string in /home/ubuntu/workspace/template/admissionListTemp.php on line 74
[14-Jul-2016 19:47:52 UTC] PHP Stack trace:
[14-Jul-2016 19:47:52 UTC] PHP   1. {main}() /home/ubuntu/workspace/template/admissionListTemp.php:0
[14-Jul-2016 19:48:47 UTC] PHP Fatal error:  Function name must be a string in /home/ubuntu/workspace/template/admissionListTemp.php on line 74
[14-Jul-2016 19:48:47 UTC] PHP Stack trace:
[14-Jul-2016 19:48:47 UTC] PHP   1. {main}() /home/ubuntu/workspace/template/admissionListTemp.php:0
[14-Jul-2016 19:48:50 UTC] PHP Fatal error:  Function name must be a string in /home/ubuntu/workspace/template/admissionListTemp.php on line 74
[14-Jul-2016 19:48:50 UTC] PHP Stack trace:
[14-Jul-2016 19:48:50 UTC] PHP   1. {main}() /home/ubuntu/workspace/template/admissionListTemp.php:0
[14-Jul-2016 19:51:05 UTC] PHP Fatal error:  Function name must be a string in /home/ubuntu/workspace/template/admissionListTemp.php on line 75
[14-Jul-2016 19:51:05 UTC] PHP Stack trace:
[14-Jul-2016 19:51:05 UTC] PHP   1. {main}() /home/ubuntu/workspace/template/admissionListTemp.php:0
[14-Jul-2016 19:51:10 UTC] PHP Fatal error:  Function name must be a string in /home/ubuntu/workspace/template/admissionListTemp.php on line 75
[14-Jul-2016 19:51:10 UTC] PHP Stack trace:
[14-Jul-2016 19:51:10 UTC] PHP   1. {main}() /home/ubuntu/workspace/template/admissionListTemp.php:0
[14-Jul-2016 19:51:58 UTC] PHP Parse error:  syntax error, unexpected 'if' (T_IF), expecting ',' or ';' in /home/ubuntu/workspace/template/admissionListTemp.php on line 80
[14-Jul-2016 19:52:13 UTC] PHP Fatal error:  Function name must be a string in /home/ubuntu/workspace/template/admissionListTemp.php on line 76
[14-Jul-2016 19:52:13 UTC] PHP Stack trace:
[14-Jul-2016 19:52:13 UTC] PHP   1. {main}() /home/ubuntu/workspace/template/admissionListTemp.php:0
[14-Jul-2016 19:52:37 UTC] PHP Fatal error:  Function name must be a string in /home/ubuntu/workspace/template/admissionListTemp.php on line 76
[14-Jul-2016 19:52:37 UTC] PHP Stack trace:
[14-Jul-2016 19:52:37 UTC] PHP   1. {main}() /home/ubuntu/workspace/template/admissionListTemp.php:0
[14-Jul-2016 19:52:54 UTC] PHP Fatal error:  Function name must be a string in /home/ubuntu/workspace/template/admissionListTemp.php on line 76
[14-Jul-2016 19:52:54 UTC] PHP Stack trace:
[14-Jul-2016 19:52:54 UTC] PHP   1. {main}() /home/ubuntu/workspace/template/admissionListTemp.php:0
[14-Jul-2016 19:53:21 UTC] PHP Fatal error:  Function name must be a string in /home/ubuntu/workspace/template/admissionListTemp.php on line 76
[14-Jul-2016 19:53:21 UTC] PHP Stack trace:
[14-Jul-2016 19:53:21 UTC] PHP   1. {main}() /home/ubuntu/workspace/template/admissionListTemp.php:0
[14-Jul-2016 19:53:30 UTC] PHP Fatal error:  Function name must be a string in /home/ubuntu/workspace/template/admissionListTemp.php on line 76
[14-Jul-2016 19:53:30 UTC] PHP Stack trace:
[14-Jul-2016 19:53:30 UTC] PHP   1. {main}() /home/ubuntu/workspace/template/admissionListTemp.php:0
[14-Jul-2016 19:53:37 UTC] PHP Warning:  mysqli_real_escape_string() expects parameter 1 to be mysqli, string given in /home/ubuntu/workspace/template/admissionListTemp.php on line 76
[14-Jul-2016 19:53:37 UTC] PHP Stack trace:
[14-Jul-2016 19:53:37 UTC] PHP   1. {main}() /home/ubuntu/workspace/template/admissionListTemp.php:0
[14-Jul-2016 19:53:37 UTC] PHP   2. mysqli_real_escape_string() /home/ubuntu/workspace/template/admissionListTemp.php:76
[14-Jul-2016 19:54:27 UTC] PHP Warning:  mysqli_real_escape_string() expects parameter 1 to be mysqli, string given in /home/ubuntu/workspace/template/admissionListTemp.php on line 76
[14-Jul-2016 19:54:27 UTC] PHP Stack trace:
[14-Jul-2016 19:54:27 UTC] PHP   1. {main}() /home/ubuntu/workspace/template/admissionListTemp.php:0
[14-Jul-2016 19:54:27 UTC] PHP   2. mysqli_real_escape_string() /home/ubuntu/workspace/template/admissionListTemp.php:76
[14-Jul-2016 19:54:38 UTC] PHP Warning:  mysqli_real_escape_string() expects parameter 1 to be mysqli, string given in /home/ubuntu/workspace/template/admissionListTemp.php on line 76
[14-Jul-2016 19:54:38 UTC] PHP Stack trace:
[14-Jul-2016 19:54:38 UTC] PHP   1. {main}() /home/ubuntu/workspace/template/admissionListTemp.php:0
[14-Jul-2016 19:54:38 UTC] PHP   2. mysqli_real_escape_string() /home/ubuntu/workspace/template/admissionListTemp.php:76
[14-Jul-2016 19:54:49 UTC] PHP Warning:  mysqli_real_escape_string() expects parameter 1 to be mysqli, string given in /home/ubuntu/workspace/template/admissionListTemp.php on line 76
[14-Jul-2016 19:54:49 UTC] PHP Stack trace:
[14-Jul-2016 19:54:49 UTC] PHP   1. {main}() /home/ubuntu/workspace/template/admissionListTemp.php:0
[14-Jul-2016 19:54:49 UTC] PHP   2. mysqli_real_escape_string() /home/ubuntu/workspace/template/admissionListTemp.php:76
[14-Jul-2016 19:55:39 UTC] PHP Warning:  mysqli_real_escape_string() expects parameter 1 to be mysqli, resource given in /home/ubuntu/workspace/template/admissionListTemp.php on line 76
[14-Jul-2016 19:55:39 UTC] PHP Stack trace:
[14-Jul-2016 19:55:39 UTC] PHP   1. {main}() /home/ubuntu/workspace/template/admissionListTemp.php:0
[14-Jul-2016 19:55:39 UTC] PHP   2. mysqli_real_escape_string() /home/ubuntu/workspace/template/admissionListTemp.php:76
[14-Jul-2016 19:58:24 UTC] PHP Warning:  mysqli::mysqli(): (HY000/1049): Unknown database '1' in /home/ubuntu/workspace/template/admissionListTemp.php on line 76
[14-Jul-2016 19:58:24 UTC] PHP Stack trace:
[14-Jul-2016 19:58:24 UTC] PHP   1. {main}() /home/ubuntu/workspace/template/admissionListTemp.php:0
[14-Jul-2016 19:58:24 UTC] PHP   2. mysqli->mysqli() /home/ubuntu/workspace/template/admissionListTemp.php:76
[14-Jul-2016 19:58:24 UTC] PHP Warning:  mysqli_real_escape_string(): Couldn't fetch mysqli in /home/ubuntu/workspace/template/admissionListTemp.php on line 77
[14-Jul-2016 19:58:24 UTC] PHP Stack trace:
[14-Jul-2016 19:58:24 UTC] PHP   1. {main}() /home/ubuntu/workspace/template/admissionListTemp.php:0
[14-Jul-2016 19:58:24 UTC] PHP   2. mysqli_real_escape_string() /home/ubuntu/workspace/template/admissionListTemp.php:77
[14-Jul-2016 20:00:14 UTC] PHP Warning:  mysqli::mysqli(): (HY000/1049): Unknown database '1' in /home/ubuntu/workspace/template/admissionListTemp.php on line 76
[14-Jul-2016 20:00:14 UTC] PHP Stack trace:
[14-Jul-2016 20:00:14 UTC] PHP   1. {main}() /home/ubuntu/workspace/template/admissionListTemp.php:0
[14-Jul-2016 20:00:14 UTC] PHP   2. mysqli->mysqli() /home/ubuntu/workspace/template/admissionListTemp.php:76
[14-Jul-2016 20:00:14 UTC] PHP Warning:  mysqli_real_escape_string(): Couldn't fetch mysqli in /home/ubuntu/workspace/template/admissionListTemp.php on line 77
[14-Jul-2016 20:00:14 UTC] PHP Stack trace:
[14-Jul-2016 20:00:14 UTC] PHP   1. {main}() /home/ubuntu/workspace/template/admissionListTemp.php:0
[14-Jul-2016 20:00:14 UTC] PHP   2. mysqli_real_escape_string() /home/ubuntu/workspace/template/admissionListTemp.php:77
[16-Jul-2016 11:16:52 UTC] PHP Fatal error:  Call to a member function mysql_query() on a non-object in /home/ubuntu/workspace/template/admissionFormTemp3.php on line 84
[16-Jul-2016 11:16:52 UTC] PHP Stack trace:
[16-Jul-2016 11:16:52 UTC] PHP   1. {main}() /home/ubuntu/workspace/template/admissionFormTemp3.php:0
[16-Jul-2016 11:21:43 UTC] PHP Fatal error:  Call to a member function mysql_query() on a non-object in /home/ubuntu/workspace/template/admissionFormTemp3.php on line 85
[16-Jul-2016 11:21:43 UTC] PHP Stack trace:
[16-Jul-2016 11:21:43 UTC] PHP   1. {main}() /home/ubuntu/workspace/template/admissionFormTemp3.php:0
[16-Jul-2016 11:22:47 UTC] PHP Fatal error:  Call to a member function mysql_query() on a non-object in /home/ubuntu/workspace/template/admissionFormTemp3.php on line 86
[16-Jul-2016 11:22:47 UTC] PHP Stack trace:
[16-Jul-2016 11:22:47 UTC] PHP   1. {main}() /home/ubuntu/workspace/template/admissionFormTemp3.php:0
[16-Jul-2016 11:26:02 UTC] PHP Warning:  mysql_fetch_array() expects parameter 1 to be resource, boolean given in /home/ubuntu/workspace/template/admissionFormTemp3.php on line 107
[16-Jul-2016 11:26:02 UTC] PHP Stack trace:
[16-Jul-2016 11:26:02 UTC] PHP   1. {main}() /home/ubuntu/workspace/template/admissionFormTemp3.php:0
[16-Jul-2016 11:26:02 UTC] PHP   2. mysql_fetch_array() /home/ubuntu/workspace/template/admissionFormTemp3.php:107
[16-Jul-2016 11:26:02 UTC] PHP Warning:  mysql_fetch_array() expects parameter 1 to be resource, boolean given in /home/ubuntu/workspace/template/admissionFormTemp3.php on line 133
[16-Jul-2016 11:26:02 UTC] PHP Stack trace:
[16-Jul-2016 11:26:02 UTC] PHP   1. {main}() /home/ubuntu/workspace/template/admissionFormTemp3.php:0
[16-Jul-2016 11:26:02 UTC] PHP   2. mysql_fetch_array() /home/ubuntu/workspace/template/admissionFormTemp3.php:133
[16-Jul-2016 11:26:02 UTC] PHP Warning:  mysql_fetch_array() expects parameter 1 to be resource, boolean given in /home/ubuntu/workspace/template/admissionFormTemp3.php on line 157
[16-Jul-2016 11:26:02 UTC] PHP Stack trace:
[16-Jul-2016 11:26:02 UTC] PHP   1. {main}() /home/ubuntu/workspace/template/admissionFormTemp3.php:0
[16-Jul-2016 11:26:02 UTC] PHP   2. mysql_fetch_array() /home/ubuntu/workspace/template/admissionFormTemp3.php:157
[16-Jul-2016 11:26:02 UTC] PHP Warning:  mysql_fetch_array() expects parameter 1 to be resource, boolean given in /home/ubuntu/workspace/template/admissionFormTemp3.php on line 183
[16-Jul-2016 11:26:02 UTC] PHP Stack trace:
[16-Jul-2016 11:26:02 UTC] PHP   1. {main}() /home/ubuntu/workspace/template/admissionFormTemp3.php:0
[16-Jul-2016 11:26:02 UTC] PHP   2. mysql_fetch_array() /home/ubuntu/workspace/template/admissionFormTemp3.php:183
[16-Jul-2016 11:26:02 UTC] PHP Warning:  mysql_fetch_array() expects parameter 1 to be resource, boolean given in /home/ubuntu/workspace/template/admissionFormTemp3.php on line 198
[16-Jul-2016 11:26:02 UTC] PHP Stack trace:
[16-Jul-2016 11:26:02 UTC] PHP   1. {main}() /home/ubuntu/workspace/template/admissionFormTemp3.php:0
[16-Jul-2016 11:26:02 UTC] PHP   2. mysql_fetch_array() /home/ubuntu/workspace/template/admissionFormTemp3.php:198
[16-Jul-2016 11:26:02 UTC] PHP Warning:  mysql_fetch_array() expects parameter 1 to be resource, boolean given in /home/ubuntu/workspace/template/admissionFormTemp3.php on line 214
[16-Jul-2016 11:26:02 UTC] PHP Stack trace:
[16-Jul-2016 11:26:02 UTC] PHP   1. {main}() /home/ubuntu/workspace/template/admissionFormTemp3.php:0
[16-Jul-2016 11:26:02 UTC] PHP   2. mysql_fetch_array() /home/ubuntu/workspace/template/admissionFormTemp3.php:214
[16-Jul-2016 11:26:02 UTC] PHP Warning:  mysql_fetch_array() expects parameter 1 to be resource, boolean given in /home/ubuntu/workspace/template/admissionFormTemp3.php on line 230
[16-Jul-2016 11:26:02 UTC] PHP Stack trace:
[16-Jul-2016 11:26:02 UTC] PHP   1. {main}() /home/ubuntu/workspace/template/admissionFormTemp3.php:0
[16-Jul-2016 11:26:02 UTC] PHP   2. mysql_fetch_array() /home/ubuntu/workspace/template/admissionFormTemp3.php:230
[16-Jul-2016 11:26:02 UTC] PHP Warning:  mysql_fetch_array() expects parameter 1 to be resource, boolean given in /home/ubuntu/workspace/template/admissionFormTemp3.php on line 245
[16-Jul-2016 11:26:02 UTC] PHP Stack trace:
[16-Jul-2016 11:26:02 UTC] PHP   1. {main}() /home/ubuntu/workspace/template/admissionFormTemp3.php:0
[16-Jul-2016 11:26:02 UTC] PHP   2. mysql_fetch_array() /home/ubuntu/workspace/template/admissionFormTemp3.php:245
[16-Jul-2016 11:32:57 UTC] PHP Warning:  mysql_fetch_array() expects parameter 1 to be resource, boolean given in /home/ubuntu/workspace/template/admissionFormTemp3.php on line 108
[16-Jul-2016 11:32:57 UTC] PHP Stack trace:
[16-Jul-2016 11:32:57 UTC] PHP   1. {main}() /home/ubuntu/workspace/template/admissionFormTemp3.php:0
[16-Jul-2016 11:32:57 UTC] PHP   2. mysql_fetch_array() /home/ubuntu/workspace/template/admissionFormTemp3.php:108
[16-Jul-2016 11:32:57 UTC] PHP Warning:  mysql_fetch_array() expects parameter 1 to be resource, boolean given in /home/ubuntu/workspace/template/admissionFormTemp3.php on line 134
[16-Jul-2016 11:32:57 UTC] PHP Stack trace:
[16-Jul-2016 11:32:57 UTC] PHP   1. {main}() /home/ubuntu/workspace/template/admissionFormTemp3.php:0
[16-Jul-2016 11:32:57 UTC] PHP   2. mysql_fetch_array() /home/ubuntu/workspace/template/admissionFormTemp3.php:134
[16-Jul-2016 11:32:57 UTC] PHP Warning:  mysql_fetch_array() expects parameter 1 to be resource, boolean given in /home/ubuntu/workspace/template/admissionFormTemp3.php on line 158
[16-Jul-2016 11:32:57 UTC] PHP Stack trace:
[16-Jul-2016 11:32:57 UTC] PHP   1. {main}() /home/ubuntu/workspace/template/admissionFormTemp3.php:0
[16-Jul-2016 11:32:57 UTC] PHP   2. mysql_fetch_array() /home/ubuntu/workspace/template/admissionFormTemp3.php:158
[16-Jul-2016 11:32:57 UTC] PHP Warning:  mysql_fetch_array() expects parameter 1 to be resource, boolean given in /home/ubuntu/workspace/template/admissionFormTemp3.php on line 184
[16-Jul-2016 11:32:57 UTC] PHP Stack trace:
[16-Jul-2016 11:32:57 UTC] PHP   1. {main}() /home/ubuntu/workspace/template/admissionFormTemp3.php:0
[16-Jul-2016 11:32:57 UTC] PHP   2. mysql_fetch_array() /home/ubuntu/workspace/template/admissionFormTemp3.php:184
[16-Jul-2016 11:32:57 UTC] PHP Warning:  mysql_fetch_array() expects parameter 1 to be resource, boolean given in /home/ubuntu/workspace/template/admissionFormTemp3.php on line 199
[16-Jul-2016 11:32:57 UTC] PHP Stack trace:
[16-Jul-2016 11:32:57 UTC] PHP   1. {main}() /home/ubuntu/workspace/template/admissionFormTemp3.php:0
[16-Jul-2016 11:32:57 UTC] PHP   2. mysql_fetch_array() /home/ubuntu/workspace/template/admissionFormTemp3.php:199
[16-Jul-2016 11:32:57 UTC] PHP Warning:  mysql_fetch_array() expects parameter 1 to be resource, boolean given in /home/ubuntu/workspace/template/admissionFormTemp3.php on line 215
[16-Jul-2016 11:32:57 UTC] PHP Stack trace:
[16-Jul-2016 11:32:57 UTC] PHP   1. {main}() /home/ubuntu/workspace/template/admissionFormTemp3.php:0
[16-Jul-2016 11:32:57 UTC] PHP   2. mysql_fetch_array() /home/ubuntu/workspace/template/admissionFormTemp3.php:215
[16-Jul-2016 11:32:57 UTC] PHP Warning:  mysql_fetch_array() expects parameter 1 to be resource, boolean given in /home/ubuntu/workspace/template/admissionFormTemp3.php on line 231
[16-Jul-2016 11:32:57 UTC] PHP Stack trace:
[16-Jul-2016 11:32:57 UTC] PHP   1. {main}() /home/ubuntu/workspace/template/admissionFormTemp3.php:0
[16-Jul-2016 11:32:57 UTC] PHP   2. mysql_fetch_array() /home/ubuntu/workspace/template/admissionFormTemp3.php:231
[16-Jul-2016 11:32:57 UTC] PHP Warning:  mysql_fetch_array() expects parameter 1 to be resource, boolean given in /home/ubuntu/workspace/template/admissionFormTemp3.php on line 246
[16-Jul-2016 11:32:57 UTC] PHP Stack trace:
[16-Jul-2016 11:32:57 UTC] PHP   1. {main}() /home/ubuntu/workspace/template/admissionFormTemp3.php:0
[16-Jul-2016 11:32:57 UTC] PHP   2. mysql_fetch_array() /home/ubuntu/workspace/template/admissionFormTemp3.php:246
[16-Jul-2016 11:34:05 UTC] PHP Warning:  mysql_fetch_array() expects parameter 1 to be resource, boolean given in /home/ubuntu/workspace/template/admissionFormTemp3.php on line 110
[16-Jul-2016 11:34:05 UTC] PHP Stack trace:
[16-Jul-2016 11:34:05 UTC] PHP   1. {main}() /home/ubuntu/workspace/template/admissionFormTemp3.php:0
[16-Jul-2016 11:34:05 UTC] PHP   2. mysql_fetch_array() /home/ubuntu/workspace/template/admissionFormTemp3.php:110
[16-Jul-2016 11:34:05 UTC] PHP Warning:  mysql_fetch_array() expects parameter 1 to be resource, boolean given in /home/ubuntu/workspace/template/admissionFormTemp3.php on line 136
[16-Jul-2016 11:34:05 UTC] PHP Stack trace:
[16-Jul-2016 11:34:05 UTC] PHP   1. {main}() /home/ubuntu/workspace/template/admissionFormTemp3.php:0
[16-Jul-2016 11:34:05 UTC] PHP   2. mysql_fetch_array() /home/ubuntu/workspace/template/admissionFormTemp3.php:136
[16-Jul-2016 11:34:05 UTC] PHP Warning:  mysql_fetch_array() expects parameter 1 to be resource, boolean given in /home/ubuntu/workspace/template/admissionFormTemp3.php on line 160
[16-Jul-2016 11:34:05 UTC] PHP Stack trace:
[16-Jul-2016 11:34:05 UTC] PHP   1. {main}() /home/ubuntu/workspace/template/admissionFormTemp3.php:0
[16-Jul-2016 11:34:05 UTC] PHP   2. mysql_fetch_array() /home/ubuntu/workspace/template/admissionFormTemp3.php:160
[16-Jul-2016 11:34:05 UTC] PHP Warning:  mysql_fetch_array() expects parameter 1 to be resource, boolean given in /home/ubuntu/workspace/template/admissionFormTemp3.php on line 186
[16-Jul-2016 11:34:05 UTC] PHP Stack trace:
[16-Jul-2016 11:34:05 UTC] PHP   1. {main}() /home/ubuntu/workspace/template/admissionFormTemp3.php:0
[16-Jul-2016 11:34:05 UTC] PHP   2. mysql_fetch_array() /home/ubuntu/workspace/template/admissionFormTemp3.php:186
[16-Jul-2016 11:34:05 UTC] PHP Warning:  mysql_fetch_array() expects parameter 1 to be resource, boolean given in /home/ubuntu/workspace/template/admissionFormTemp3.php on line 201
[16-Jul-2016 11:34:05 UTC] PHP Stack trace:
[16-Jul-2016 11:34:05 UTC] PHP   1. {main}() /home/ubuntu/workspace/template/admissionFormTemp3.php:0
[16-Jul-2016 11:34:05 UTC] PHP   2. mysql_fetch_array() /home/ubuntu/workspace/template/admissionFormTemp3.php:201
[16-Jul-2016 11:34:05 UTC] PHP Warning:  mysql_fetch_array() expects parameter 1 to be resource, boolean given in /home/ubuntu/workspace/template/admissionFormTemp3.php on line 217
[16-Jul-2016 11:34:05 UTC] PHP Stack trace:
[16-Jul-2016 11:34:05 UTC] PHP   1. {main}() /home/ubuntu/workspace/template/admissionFormTemp3.php:0
[16-Jul-2016 11:34:05 UTC] PHP   2. mysql_fetch_array() /home/ubuntu/workspace/template/admissionFormTemp3.php:217
[16-Jul-2016 11:34:05 UTC] PHP Warning:  mysql_fetch_array() expects parameter 1 to be resource, boolean given in /home/ubuntu/workspace/template/admissionFormTemp3.php on line 233
[16-Jul-2016 11:34:05 UTC] PHP Stack trace:
[16-Jul-2016 11:34:05 UTC] PHP   1. {main}() /home/ubuntu/workspace/template/admissionFormTemp3.php:0
[16-Jul-2016 11:34:05 UTC] PHP   2. mysql_fetch_array() /home/ubuntu/workspace/template/admissionFormTemp3.php:233
[16-Jul-2016 11:34:05 UTC] PHP Warning:  mysql_fetch_array() expects parameter 1 to be resource, boolean given in /home/ubuntu/workspace/template/admissionFormTemp3.php on line 248
[16-Jul-2016 11:34:05 UTC] PHP Stack trace:
[16-Jul-2016 11:34:05 UTC] PHP   1. {main}() /home/ubuntu/workspace/template/admissionFormTemp3.php:0
[16-Jul-2016 11:34:05 UTC] PHP   2. mysql_fetch_array() /home/ubuntu/workspace/template/admissionFormTemp3.php:248
[16-Jul-2016 11:40:32 UTC] PHP Warning:  mysql_fetch_array() expects parameter 1 to be resource, boolean given in /home/ubuntu/workspace/template/admissionFormTemp3.php on line 110
[16-Jul-2016 11:40:32 UTC] PHP Stack trace:
[16-Jul-2016 11:40:32 UTC] PHP   1. {main}() /home/ubuntu/workspace/template/admissionFormTemp3.php:0
[16-Jul-2016 11:40:32 UTC] PHP   2. mysql_fetch_array() /home/ubuntu/workspace/template/admissionFormTemp3.php:110
[16-Jul-2016 11:40:32 UTC] PHP Warning:  mysql_fetch_array() expects parameter 1 to be resource, boolean given in /home/ubuntu/workspace/template/admissionFormTemp3.php on line 136
[16-Jul-2016 11:40:32 UTC] PHP Stack trace:
[16-Jul-2016 11:40:32 UTC] PHP   1. {main}() /home/ubuntu/workspace/template/admissionFormTemp3.php:0
[16-Jul-2016 11:40:32 UTC] PHP   2. mysql_fetch_array() /home/ubuntu/workspace/template/admissionFormTemp3.php:136
[16-Jul-2016 11:40:32 UTC] PHP Warning:  mysql_fetch_array() expects parameter 1 to be resource, boolean given in /home/ubuntu/workspace/template/admissionFormTemp3.php on line 160
[16-Jul-2016 11:40:32 UTC] PHP Stack trace:
[16-Jul-2016 11:40:32 UTC] PHP   1. {main}() /home/ubuntu/workspace/template/admissionFormTemp3.php:0
[16-Jul-2016 11:40:32 UTC] PHP   2. mysql_fetch_array() /home/ubuntu/workspace/template/admissionFormTemp3.php:160
[16-Jul-2016 11:40:32 UTC] PHP Warning:  mysql_fetch_array() expects parameter 1 to be resource, boolean given in /home/ubuntu/workspace/template/admissionFormTemp3.php on line 186
[16-Jul-2016 11:40:32 UTC] PHP Stack trace:
[16-Jul-2016 11:40:32 UTC] PHP   1. {main}() /home/ubuntu/workspace/template/admissionFormTemp3.php:0
[16-Jul-2016 11:40:32 UTC] PHP   2. mysql_fetch_array() /home/ubuntu/workspace/template/admissionFormTemp3.php:186
[16-Jul-2016 11:40:32 UTC] PHP Warning:  mysql_fetch_array() expects parameter 1 to be resource, boolean given in /home/ubuntu/workspace/template/admissionFormTemp3.php on line 201
[16-Jul-2016 11:40:32 UTC] PHP Stack trace:
[16-Jul-2016 11:40:32 UTC] PHP   1. {main}() /home/ubuntu/workspace/template/admissionFormTemp3.php:0
[16-Jul-2016 11:40:32 UTC] PHP   2. mysql_fetch_array() /home/ubuntu/workspace/template/admissionFormTemp3.php:201
[16-Jul-2016 11:40:32 UTC] PHP Warning:  mysql_fetch_array() expects parameter 1 to be resource, boolean given in /home/ubuntu/workspace/template/admissionFormTemp3.php on line 217
[16-Jul-2016 11:40:32 UTC] PHP Stack trace:
[16-Jul-2016 11:40:32 UTC] PHP   1. {main}() /home/ubuntu/workspace/template/admissionFormTemp3.php:0
[16-Jul-2016 11:40:32 UTC] PHP   2. mysql_fetch_array() /home/ubuntu/workspace/template/admissionFormTemp3.php:217
[16-Jul-2016 11:40:32 UTC] PHP Warning:  mysql_fetch_array() expects parameter 1 to be resource, boolean given in /home/ubuntu/workspace/template/admissionFormTemp3.php on line 233
[16-Jul-2016 11:40:32 UTC] PHP Stack trace:
[16-Jul-2016 11:40:32 UTC] PHP   1. {main}() /home/ubuntu/workspace/template/admissionFormTemp3.php:0
[16-Jul-2016 11:40:32 UTC] PHP   2. mysql_fetch_array() /home/ubuntu/workspace/template/admissionFormTemp3.php:233
[16-Jul-2016 11:40:32 UTC] PHP Warning:  mysql_fetch_array() expects parameter 1 to be resource, boolean given in /home/ubuntu/workspace/template/admissionFormTemp3.php on line 248
[16-Jul-2016 11:40:32 UTC] PHP Stack trace:
[16-Jul-2016 11:40:32 UTC] PHP   1. {main}() /home/ubuntu/workspace/template/admissionFormTemp3.php:0
[16-Jul-2016 11:40:32 UTC] PHP   2. mysql_fetch_array() /home/ubuntu/workspace/template/admissionFormTemp3.php:248
[16-Jul-2016 11:44:55 UTC] PHP Warning:  mysql_fetch_array() expects parameter 1 to be resource, boolean given in /home/ubuntu/workspace/template/admissionFormTemp3.php on line 110
[16-Jul-2016 11:44:55 UTC] PHP Stack trace:
[16-Jul-2016 11:44:55 UTC] PHP   1. {main}() /home/ubuntu/workspace/template/admissionFormTemp3.php:0
[16-Jul-2016 11:44:55 UTC] PHP   2. mysql_fetch_array() /home/ubuntu/workspace/template/admissionFormTemp3.php:110
[16-Jul-2016 11:44:55 UTC] PHP Warning:  mysql_fetch_array() expects parameter 1 to be resource, boolean given in /home/ubuntu/workspace/template/admissionFormTemp3.php on line 136
[16-Jul-2016 11:44:55 UTC] PHP Stack trace:
[16-Jul-2016 11:44:55 UTC] PHP   1. {main}() /home/ubuntu/workspace/template/admissionFormTemp3.php:0
[16-Jul-2016 11:44:55 UTC] PHP   2. mysql_fetch_array() /home/ubuntu/workspace/template/admissionFormTemp3.php:136
[16-Jul-2016 11:44:55 UTC] PHP Warning:  mysql_fetch_array() expects parameter 1 to be resource, boolean given in /home/ubuntu/workspace/template/admissionFormTemp3.php on line 160
[16-Jul-2016 11:44:55 UTC] PHP Stack trace:
[16-Jul-2016 11:44:55 UTC] PHP   1. {main}() /home/ubuntu/workspace/template/admissionFormTemp3.php:0
[16-Jul-2016 11:44:55 UTC] PHP   2. mysql_fetch_array() /home/ubuntu/workspace/template/admissionFormTemp3.php:160
[16-Jul-2016 11:44:55 UTC] PHP Warning:  mysql_fetch_array() expects parameter 1 to be resource, boolean given in /home/ubuntu/workspace/template/admissionFormTemp3.php on line 186
[16-Jul-2016 11:44:55 UTC] PHP Stack trace:
[16-Jul-2016 11:44:55 UTC] PHP   1. {main}() /home/ubuntu/workspace/template/admissionFormTemp3.php:0
[16-Jul-2016 11:44:55 UTC] PHP   2. mysql_fetch_array() /home/ubuntu/workspace/template/admissionFormTemp3.php:186
[16-Jul-2016 11:44:55 UTC] PHP Warning:  mysql_fetch_array() expects parameter 1 to be resource, boolean given in /home/ubuntu/workspace/template/admissionFormTemp3.php on line 201
[16-Jul-2016 11:44:55 UTC] PHP Stack trace:
[16-Jul-2016 11:44:55 UTC] PHP   1. {main}() /home/ubuntu/workspace/template/admissionFormTemp3.php:0
[16-Jul-2016 11:44:55 UTC] PHP   2. mysql_fetch_array() /home/ubuntu/workspace/template/admissionFormTemp3.php:201
[16-Jul-2016 11:44:55 UTC] PHP Warning:  mysql_fetch_array() expects parameter 1 to be resource, boolean given in /home/ubuntu/workspace/template/admissionFormTemp3.php on line 217
[16-Jul-2016 11:44:55 UTC] PHP Stack trace:
[16-Jul-2016 11:44:55 UTC] PHP   1. {main}() /home/ubuntu/workspace/template/admissionFormTemp3.php:0
[16-Jul-2016 11:44:55 UTC] PHP   2. mysql_fetch_array() /home/ubuntu/workspace/template/admissionFormTemp3.php:217
[16-Jul-2016 11:44:55 UTC] PHP Warning:  mysql_fetch_array() expects parameter 1 to be resource, boolean given in /home/ubuntu/workspace/template/admissionFormTemp3.php on line 233
[16-Jul-2016 11:44:55 UTC] PHP Stack trace:
[16-Jul-2016 11:44:55 UTC] PHP   1. {main}() /home/ubuntu/workspace/template/admissionFormTemp3.php:0
[16-Jul-2016 11:44:55 UTC] PHP   2. mysql_fetch_array() /home/ubuntu/workspace/template/admissionFormTemp3.php:233
[16-Jul-2016 11:44:55 UTC] PHP Warning:  mysql_fetch_array() expects parameter 1 to be resource, boolean given in /home/ubuntu/workspace/template/admissionFormTemp3.php on line 248
[16-Jul-2016 11:44:55 UTC] PHP Stack trace:
[16-Jul-2016 11:44:55 UTC] PHP   1. {main}() /home/ubuntu/workspace/template/admissionFormTemp3.php:0
[16-Jul-2016 11:44:55 UTC] PHP   2. mysql_fetch_array() /home/ubuntu/workspace/template/admissionFormTemp3.php:248
[16-Jul-2016 11:47:34 UTC] PHP Warning:  mysql_fetch_array() expects parameter 1 to be resource, boolean given in /home/ubuntu/workspace/template/admissionFormTemp3.php on line 110
[16-Jul-2016 11:47:34 UTC] PHP Stack trace:
[16-Jul-2016 11:47:34 UTC] PHP   1. {main}() /home/ubuntu/workspace/template/admissionFormTemp3.php:0
[16-Jul-2016 11:47:34 UTC] PHP   2. mysql_fetch_array() /home/ubuntu/workspace/template/admissionFormTemp3.php:110
[16-Jul-2016 11:47:34 UTC] PHP Warning:  mysql_fetch_array() expects parameter 1 to be resource, boolean given in /home/ubuntu/workspace/template/admissionFormTemp3.php on line 136
[16-Jul-2016 11:47:34 UTC] PHP Stack trace:
[16-Jul-2016 11:47:34 UTC] PHP   1. {main}() /home/ubuntu/workspace/template/admissionFormTemp3.php:0
[16-Jul-2016 11:47:34 UTC] PHP   2. mysql_fetch_array() /home/ubuntu/workspace/template/admissionFormTemp3.php:136
[16-Jul-2016 11:47:34 UTC] PHP Warning:  mysql_fetch_array() expects parameter 1 to be resource, boolean given in /home/ubuntu/workspace/template/admissionFormTemp3.php on line 160
[16-Jul-2016 11:47:34 UTC] PHP Stack trace:
[16-Jul-2016 11:47:34 UTC] PHP   1. {main}() /home/ubuntu/workspace/template/admissionFormTemp3.php:0
[16-Jul-2016 11:47:34 UTC] PHP   2. mysql_fetch_array() /home/ubuntu/workspace/template/admissionFormTemp3.php:160
[16-Jul-2016 11:47:34 UTC] PHP Warning:  mysql_fetch_array() expects parameter 1 to be resource, boolean given in /home/ubuntu/workspace/template/admissionFormTemp3.php on line 186
[16-Jul-2016 11:47:34 UTC] PHP Stack trace:
[16-Jul-2016 11:47:34 UTC] PHP   1. {main}() /home/ubuntu/workspace/template/admissionFormTemp3.php:0
[16-Jul-2016 11:47:34 UTC] PHP   2. mysql_fetch_array() /home/ubuntu/workspace/template/admissionFormTemp3.php:186
[16-Jul-2016 11:47:34 UTC] PHP Warning:  mysql_fetch_array() expects parameter 1 to be resource, boolean given in /home/ubuntu/workspace/template/admissionFormTemp3.php on line 201
[16-Jul-2016 11:47:34 UTC] PHP Stack trace:
[16-Jul-2016 11:47:34 UTC] PHP   1. {main}() /home/ubuntu/workspace/template/admissionFormTemp3.php:0
[16-Jul-2016 11:47:34 UTC] PHP   2. mysql_fetch_array() /home/ubuntu/workspace/template/admissionFormTemp3.php:201
[16-Jul-2016 11:47:34 UTC] PHP Warning:  mysql_fetch_array() expects parameter 1 to be resource, boolean given in /home/ubuntu/workspace/template/admissionFormTemp3.php on line 217
[16-Jul-2016 11:47:34 UTC] PHP Stack trace:
[16-Jul-2016 11:47:34 UTC] PHP   1. {main}() /home/ubuntu/workspace/template/admissionFormTemp3.php:0
[16-Jul-2016 11:47:34 UTC] PHP   2. mysql_fetch_array() /home/ubuntu/workspace/template/admissionFormTemp3.php:217
[16-Jul-2016 11:47:34 UTC] PHP Warning:  mysql_fetch_array() expects parameter 1 to be resource, boolean given in /home/ubuntu/workspace/template/admissionFormTemp3.php on line 233
[16-Jul-2016 11:47:34 UTC] PHP Stack trace:
[16-Jul-2016 11:47:34 UTC] PHP   1. {main}() /home/ubuntu/workspace/template/admissionFormTemp3.php:0
[16-Jul-2016 11:47:34 UTC] PHP   2. mysql_fetch_array() /home/ubuntu/workspace/template/admissionFormTemp3.php:233
[16-Jul-2016 11:47:34 UTC] PHP Warning:  mysql_fetch_array() expects parameter 1 to be resource, boolean given in /home/ubuntu/workspace/template/admissionFormTemp3.php on line 248
[16-Jul-2016 11:47:34 UTC] PHP Stack trace:
[16-Jul-2016 11:47:34 UTC] PHP   1. {main}() /home/ubuntu/workspace/template/admissionFormTemp3.php:0
[16-Jul-2016 11:47:34 UTC] PHP   2. mysql_fetch_array() /home/ubuntu/workspace/template/admissionFormTemp3.php:248
[16-Jul-2016 12:06:39 UTC] PHP Warning:  mysql_fetch_array() expects parameter 1 to be resource, boolean given in /home/ubuntu/workspace/template/admissionFormTemp3.php on line 111
[16-Jul-2016 12:06:39 UTC] PHP Stack trace:
[16-Jul-2016 12:06:39 UTC] PHP   1. {main}() /home/ubuntu/workspace/template/admissionFormTemp3.php:0
[16-Jul-2016 12:06:39 UTC] PHP   2. mysql_fetch_array() /home/ubuntu/workspace/template/admissionFormTemp3.php:111
[16-Jul-2016 12:06:39 UTC] PHP Warning:  mysql_fetch_array() expects parameter 1 to be resource, boolean given in /home/ubuntu/workspace/template/admissionFormTemp3.php on line 137
[16-Jul-2016 12:06:39 UTC] PHP Stack trace:
[16-Jul-2016 12:06:39 UTC] PHP   1. {main}() /home/ubuntu/workspace/template/admissionFormTemp3.php:0
[16-Jul-2016 12:06:39 UTC] PHP   2. mysql_fetch_array() /home/ubuntu/workspace/template/admissionFormTemp3.php:137
[16-Jul-2016 12:06:39 UTC] PHP Warning:  mysql_fetch_array() expects parameter 1 to be resource, boolean given in /home/ubuntu/workspace/template/admissionFormTemp3.php on line 161
[16-Jul-2016 12:06:39 UTC] PHP Stack trace:
[16-Jul-2016 12:06:39 UTC] PHP   1. {main}() /home/ubuntu/workspace/template/admissionFormTemp3.php:0
[16-Jul-2016 12:06:39 UTC] PHP   2. mysql_fetch_array() /home/ubuntu/workspace/template/admissionFormTemp3.php:161
[16-Jul-2016 12:06:39 UTC] PHP Warning:  mysql_fetch_array() expects parameter 1 to be resource, boolean given in /home/ubuntu/workspace/template/admissionFormTemp3.php on line 187
[16-Jul-2016 12:06:39 UTC] PHP Stack trace:
[16-Jul-2016 12:06:39 UTC] PHP   1. {main}() /home/ubuntu/workspace/template/admissionFormTemp3.php:0
[16-Jul-2016 12:06:39 UTC] PHP   2. mysql_fetch_array() /home/ubuntu/workspace/template/admissionFormTemp3.php:187
[16-Jul-2016 12:06:39 UTC] PHP Warning:  mysql_fetch_array() expects parameter 1 to be resource, boolean given in /home/ubuntu/workspace/template/admissionFormTemp3.php on line 202
[16-Jul-2016 12:06:39 UTC] PHP Stack trace:
[16-Jul-2016 12:06:39 UTC] PHP   1. {main}() /home/ubuntu/workspace/template/admissionFormTemp3.php:0
[16-Jul-2016 12:06:39 UTC] PHP   2. mysql_fetch_array() /home/ubuntu/workspace/template/admissionFormTemp3.php:202
[16-Jul-2016 12:06:39 UTC] PHP Warning:  mysql_fetch_array() expects parameter 1 to be resource, boolean given in /home/ubuntu/workspace/template/admissionFormTemp3.php on line 218
[16-Jul-2016 12:06:39 UTC] PHP Stack trace:
[16-Jul-2016 12:06:39 UTC] PHP   1. {main}() /home/ubuntu/workspace/template/admissionFormTemp3.php:0
[16-Jul-2016 12:06:39 UTC] PHP   2. mysql_fetch_array() /home/ubuntu/workspace/template/admissionFormTemp3.php:218
[16-Jul-2016 12:06:39 UTC] PHP Warning:  mysql_fetch_array() expects parameter 1 to be resource, boolean given in /home/ubuntu/workspace/template/admissionFormTemp3.php on line 234
[16-Jul-2016 12:06:39 UTC] PHP Stack trace:
[16-Jul-2016 12:06:39 UTC] PHP   1. {main}() /home/ubuntu/workspace/template/admissionFormTemp3.php:0
[16-Jul-2016 12:06:39 UTC] PHP   2. mysql_fetch_array() /home/ubuntu/workspace/template/admissionFormTemp3.php:234
[16-Jul-2016 12:06:39 UTC] PHP Warning:  mysql_fetch_array() expects parameter 1 to be resource, boolean given in /home/ubuntu/workspace/template/admissionFormTemp3.php on line 249
[16-Jul-2016 12:06:39 UTC] PHP Stack trace:
[16-Jul-2016 12:06:39 UTC] PHP   1. {main}() /home/ubuntu/workspace/template/admissionFormTemp3.php:0
[16-Jul-2016 12:06:39 UTC] PHP   2. mysql_fetch_array() /home/ubuntu/workspace/template/admissionFormTemp3.php:249
[16-Jul-2016 12:12:54 UTC] PHP Warning:  mysql_fetch_array() expects parameter 1 to be resource, boolean given in /home/ubuntu/workspace/template/admissionFormTemp3.php on line 111
[16-Jul-2016 12:12:54 UTC] PHP Stack trace:
[16-Jul-2016 12:12:54 UTC] PHP   1. {main}() /home/ubuntu/workspace/template/admissionFormTemp3.php:0
[16-Jul-2016 12:12:54 UTC] PHP   2. mysql_fetch_array() /home/ubuntu/workspace/template/admissionFormTemp3.php:111
[16-Jul-2016 12:12:54 UTC] PHP Warning:  mysql_fetch_array() expects parameter 1 to be resource, boolean given in /home/ubuntu/workspace/template/admissionFormTemp3.php on line 137
[16-Jul-2016 12:12:54 UTC] PHP Stack trace:
[16-Jul-2016 12:12:54 UTC] PHP   1. {main}() /home/ubuntu/workspace/template/admissionFormTemp3.php:0
[16-Jul-2016 12:12:54 UTC] PHP   2. mysql_fetch_array() /home/ubuntu/workspace/template/admissionFormTemp3.php:137
[16-Jul-2016 12:12:54 UTC] PHP Warning:  mysql_fetch_array() expects parameter 1 to be resource, boolean given in /home/ubuntu/workspace/template/admissionFormTemp3.php on line 161
[16-Jul-2016 12:12:54 UTC] PHP Stack trace:
[16-Jul-2016 12:12:54 UTC] PHP   1. {main}() /home/ubuntu/workspace/template/admissionFormTemp3.php:0
[16-Jul-2016 12:12:54 UTC] PHP   2. mysql_fetch_array() /home/ubuntu/workspace/template/admissionFormTemp3.php:161
[16-Jul-2016 12:12:54 UTC] PHP Warning:  mysql_fetch_array() expects parameter 1 to be resource, boolean given in /home/ubuntu/workspace/template/admissionFormTemp3.php on line 187
[16-Jul-2016 12:12:54 UTC] PHP Stack trace:
[16-Jul-2016 12:12:54 UTC] PHP   1. {main}() /home/ubuntu/workspace/template/admissionFormTemp3.php:0
[16-Jul-2016 12:12:54 UTC] PHP   2. mysql_fetch_array() /home/ubuntu/workspace/template/admissionFormTemp3.php:187
[16-Jul-2016 12:12:54 UTC] PHP Warning:  mysql_fetch_array() expects parameter 1 to be resource, boolean given in /home/ubuntu/workspace/template/admissionFormTemp3.php on line 202
[16-Jul-2016 12:12:54 UTC] PHP Stack trace:
[16-Jul-2016 12:12:54 UTC] PHP   1. {main}() /home/ubuntu/workspace/template/admissionFormTemp3.php:0
[16-Jul-2016 12:12:54 UTC] PHP   2. mysql_fetch_array() /home/ubuntu/workspace/template/admissionFormTemp3.php:202
[16-Jul-2016 12:12:54 UTC] PHP Warning:  mysql_fetch_array() expects parameter 1 to be resource, boolean given in /home/ubuntu/workspace/template/admissionFormTemp3.php on line 218
[16-Jul-2016 12:12:54 UTC] PHP Stack trace:
[16-Jul-2016 12:12:54 UTC] PHP   1. {main}() /home/ubuntu/workspace/template/admissionFormTemp3.php:0
[16-Jul-2016 12:12:54 UTC] PHP   2. mysql_fetch_array() /home/ubuntu/workspace/template/admissionFormTemp3.php:218
[16-Jul-2016 12:12:54 UTC] PHP Warning:  mysql_fetch_array() expects parameter 1 to be resource, boolean given in /home/ubuntu/workspace/template/admissionFormTemp3.php on line 234
[16-Jul-2016 12:12:54 UTC] PHP Stack trace:
[16-Jul-2016 12:12:54 UTC] PHP   1. {main}() /home/ubuntu/workspace/template/admissionFormTemp3.php:0
[16-Jul-2016 12:12:54 UTC] PHP   2. mysql_fetch_array() /home/ubuntu/workspace/template/admissionFormTemp3.php:234
[16-Jul-2016 12:12:54 UTC] PHP Warning:  mysql_fetch_array() expects parameter 1 to be resource, boolean given in /home/ubuntu/workspace/template/admissionFormTemp3.php on line 249
[16-Jul-2016 12:12:54 UTC] PHP Stack trace:
[16-Jul-2016 12:12:54 UTC] PHP   1. {main}() /home/ubuntu/workspace/template/admissionFormTemp3.php:0
[16-Jul-2016 12:12:54 UTC] PHP   2. mysql_fetch_array() /home/ubuntu/workspace/template/admissionFormTemp3.php:249
[16-Jul-2016 12:18:34 UTC] PHP Warning:  mysql_fetch_array() expects parameter 1 to be resource, boolean given in /home/ubuntu/workspace/template/admissionFormTemp3.php on line 111
[16-Jul-2016 12:18:34 UTC] PHP Stack trace:
[16-Jul-2016 12:18:34 UTC] PHP   1. {main}() /home/ubuntu/workspace/template/admissionFormTemp3.php:0
[16-Jul-2016 12:18:34 UTC] PHP   2. mysql_fetch_array() /home/ubuntu/workspace/template/admissionFormTemp3.php:111
[16-Jul-2016 12:18:34 UTC] PHP Warning:  mysql_fetch_array() expects parameter 1 to be resource, boolean given in /home/ubuntu/workspace/template/admissionFormTemp3.php on line 137
[16-Jul-2016 12:18:34 UTC] PHP Stack trace:
[16-Jul-2016 12:18:34 UTC] PHP   1. {main}() /home/ubuntu/workspace/template/admissionFormTemp3.php:0
[16-Jul-2016 12:18:34 UTC] PHP   2. mysql_fetch_array() /home/ubuntu/workspace/template/admissionFormTemp3.php:137
[16-Jul-2016 12:18:34 UTC] PHP Warning:  mysql_fetch_array() expects parameter 1 to be resource, boolean given in /home/ubuntu/workspace/template/admissionFormTemp3.php on line 161
[16-Jul-2016 12:18:34 UTC] PHP Stack trace:
[16-Jul-2016 12:18:34 UTC] PHP   1. {main}() /home/ubuntu/workspace/template/admissionFormTemp3.php:0
[16-Jul-2016 12:18:34 UTC] PHP   2. mysql_fetch_array() /home/ubuntu/workspace/template/admissionFormTemp3.php:161
[16-Jul-2016 12:18:34 UTC] PHP Warning:  mysql_fetch_array() expects parameter 1 to be resource, boolean given in /home/ubuntu/workspace/template/admissionFormTemp3.php on line 187
[16-Jul-2016 12:18:34 UTC] PHP Stack trace:
[16-Jul-2016 12:18:34 UTC] PHP   1. {main}() /home/ubuntu/workspace/template/admissionFormTemp3.php:0
[16-Jul-2016 12:18:34 UTC] PHP   2. mysql_fetch_array() /home/ubuntu/workspace/template/admissionFormTemp3.php:187
[16-Jul-2016 12:18:34 UTC] PHP Warning:  mysql_fetch_array() expects parameter 1 to be resource, boolean given in /home/ubuntu/workspace/template/admissionFormTemp3.php on line 202
[16-Jul-2016 12:18:34 UTC] PHP Stack trace:
[16-Jul-2016 12:18:34 UTC] PHP   1. {main}() /home/ubuntu/workspace/template/admissionFormTemp3.php:0
[16-Jul-2016 12:18:34 UTC] PHP   2. mysql_fetch_array() /home/ubuntu/workspace/template/admissionFormTemp3.php:202
[16-Jul-2016 12:18:34 UTC] PHP Warning:  mysql_fetch_array() expects parameter 1 to be resource, boolean given in /home/ubuntu/workspace/template/admissionFormTemp3.php on line 218
[16-Jul-2016 12:18:34 UTC] PHP Stack trace:
[16-Jul-2016 12:18:34 UTC] PHP   1. {main}() /home/ubuntu/workspace/template/admissionFormTemp3.php:0
[16-Jul-2016 12:18:34 UTC] PHP   2. mysql_fetch_array() /home/ubuntu/workspace/template/admissionFormTemp3.php:218
[16-Jul-2016 12:18:34 UTC] PHP Warning:  mysql_fetch_array() expects parameter 1 to be resource, boolean given in /home/ubuntu/workspace/template/admissionFormTemp3.php on line 234
[16-Jul-2016 12:18:34 UTC] PHP Stack trace:
[16-Jul-2016 12:18:34 UTC] PHP   1. {main}() /home/ubuntu/workspace/template/admissionFormTemp3.php:0
[16-Jul-2016 12:18:34 UTC] PHP   2. mysql_fetch_array() /home/ubuntu/workspace/template/admissionFormTemp3.php:234
[16-Jul-2016 12:18:34 UTC] PHP Warning:  mysql_fetch_array() expects parameter 1 to be resource, boolean given in /home/ubuntu/workspace/template/admissionFormTemp3.php on line 249
[16-Jul-2016 12:18:34 UTC] PHP Stack trace:
[16-Jul-2016 12:18:34 UTC] PHP   1. {main}() /home/ubuntu/workspace/template/admissionFormTemp3.php:0
[16-Jul-2016 12:18:34 UTC] PHP   2. mysql_fetch_array() /home/ubuntu/workspace/template/admissionFormTemp3.php:249
[16-Jul-2016 12:43:30 UTC] PHP Warning:  mysql_fetch_array() expects parameter 1 to be resource, boolean given in /home/ubuntu/workspace/template/admissionFormTemp3.php on line 111
[16-Jul-2016 12:43:30 UTC] PHP Stack trace:
[16-Jul-2016 12:43:30 UTC] PHP   1. {main}() /home/ubuntu/workspace/template/admissionFormTemp3.php:0
[16-Jul-2016 12:43:30 UTC] PHP   2. mysql_fetch_array() /home/ubuntu/workspace/template/admissionFormTemp3.php:111
[16-Jul-2016 12:43:30 UTC] PHP Warning:  mysql_fetch_array() expects parameter 1 to be resource, boolean given in /home/ubuntu/workspace/template/admissionFormTemp3.php on line 137
[16-Jul-2016 12:43:30 UTC] PHP Stack trace:
[16-Jul-2016 12:43:30 UTC] PHP   1. {main}() /home/ubuntu/workspace/template/admissionFormTemp3.php:0
[16-Jul-2016 12:43:30 UTC] PHP   2. mysql_fetch_array() /home/ubuntu/workspace/template/admissionFormTemp3.php:137
[16-Jul-2016 12:43:30 UTC] PHP Warning:  mysql_fetch_array() expects parameter 1 to be resource, boolean given in /home/ubuntu/workspace/template/admissionFormTemp3.php on line 161
[16-Jul-2016 12:43:30 UTC] PHP Stack trace:
[16-Jul-2016 12:43:30 UTC] PHP   1. {main}() /home/ubuntu/workspace/template/admissionFormTemp3.php:0
[16-Jul-2016 12:43:30 UTC] PHP   2. mysql_fetch_array() /home/ubuntu/workspace/template/admissionFormTemp3.php:161
[16-Jul-2016 12:43:30 UTC] PHP Warning:  mysql_fetch_array() expects parameter 1 to be resource, boolean given in /home/ubuntu/workspace/template/admissionFormTemp3.php on line 187
[16-Jul-2016 12:43:30 UTC] PHP Stack trace:
[16-Jul-2016 12:43:30 UTC] PHP   1. {main}() /home/ubuntu/workspace/template/admissionFormTemp3.php:0
[16-Jul-2016 12:43:30 UTC] PHP   2. mysql_fetch_array() /home/ubuntu/workspace/template/admissionFormTemp3.php:187
[16-Jul-2016 12:43:30 UTC] PHP Warning:  mysql_fetch_array() expects parameter 1 to be resource, boolean given in /home/ubuntu/workspace/template/admissionFormTemp3.php on line 202
[16-Jul-2016 12:43:30 UTC] PHP Stack trace:
[16-Jul-2016 12:43:30 UTC] PHP   1. {main}() /home/ubuntu/workspace/template/admissionFormTemp3.php:0
[16-Jul-2016 12:43:30 UTC] PHP   2. mysql_fetch_array() /home/ubuntu/workspace/template/admissionFormTemp3.php:202
[16-Jul-2016 12:43:30 UTC] PHP Warning:  mysql_fetch_array() expects parameter 1 to be resource, boolean given in /home/ubuntu/workspace/template/admissionFormTemp3.php on line 218
[16-Jul-2016 12:43:30 UTC] PHP Stack trace:
[16-Jul-2016 12:43:30 UTC] PHP   1. {main}() /home/ubuntu/workspace/template/admissionFormTemp3.php:0
[16-Jul-2016 12:43:30 UTC] PHP   2. mysql_fetch_array() /home/ubuntu/workspace/template/admissionFormTemp3.php:218
[16-Jul-2016 12:43:30 UTC] PHP Warning:  mysql_fetch_array() expects parameter 1 to be resource, boolean given in /home/ubuntu/workspace/template/admissionFormTemp3.php on line 234
[16-Jul-2016 12:43:30 UTC] PHP Stack trace:
[16-Jul-2016 12:43:30 UTC] PHP   1. {main}() /home/ubuntu/workspace/template/admissionFormTemp3.php:0
[16-Jul-2016 12:43:30 UTC] PHP   2. mysql_fetch_array() /home/ubuntu/workspace/template/admissionFormTemp3.php:234
[16-Jul-2016 12:43:30 UTC] PHP Warning:  mysql_fetch_array() expects parameter 1 to be resource, boolean given in /home/ubuntu/workspace/template/admissionFormTemp3.php on line 249
[16-Jul-2016 12:43:30 UTC] PHP Stack trace:
[16-Jul-2016 12:43:30 UTC] PHP   1. {main}() /home/ubuntu/workspace/template/admissionFormTemp3.php:0
[16-Jul-2016 12:43:30 UTC] PHP   2. mysql_fetch_array() /home/ubuntu/workspace/template/admissionFormTemp3.php:249
[16-Jul-2016 12:45:19 UTC] PHP Warning:  mysql_fetch_array() expects parameter 1 to be resource, boolean given in /home/ubuntu/workspace/template/admissionFormTemp3.php on line 111
[16-Jul-2016 12:45:19 UTC] PHP Stack trace:
[16-Jul-2016 12:45:19 UTC] PHP   1. {main}() /home/ubuntu/workspace/template/admissionFormTemp3.php:0
[16-Jul-2016 12:45:19 UTC] PHP   2. mysql_fetch_array() /home/ubuntu/workspace/template/admissionFormTemp3.php:111
[16-Jul-2016 12:45:19 UTC] PHP Warning:  mysql_fetch_array() expects parameter 1 to be resource, boolean given in /home/ubuntu/workspace/template/admissionFormTemp3.php on line 137
[16-Jul-2016 12:45:19 UTC] PHP Stack trace:
[16-Jul-2016 12:45:19 UTC] PHP   1. {main}() /home/ubuntu/workspace/template/admissionFormTemp3.php:0
[16-Jul-2016 12:45:19 UTC] PHP   2. mysql_fetch_array() /home/ubuntu/workspace/template/admissionFormTemp3.php:137
[16-Jul-2016 12:45:19 UTC] PHP Warning:  mysql_fetch_array() expects parameter 1 to be resource, boolean given in /home/ubuntu/workspace/template/admissionFormTemp3.php on line 161
[16-Jul-2016 12:45:19 UTC] PHP Stack trace:
[16-Jul-2016 12:45:19 UTC] PHP   1. {main}() /home/ubuntu/workspace/template/admissionFormTemp3.php:0
[16-Jul-2016 12:45:19 UTC] PHP   2. mysql_fetch_array() /home/ubuntu/workspace/template/admissionFormTemp3.php:161
[16-Jul-2016 12:45:19 UTC] PHP Warning:  mysql_fetch_array() expects parameter 1 to be resource, boolean given in /home/ubuntu/workspace/template/admissionFormTemp3.php on line 187
[16-Jul-2016 12:45:19 UTC] PHP Stack trace:
[16-Jul-2016 12:45:19 UTC] PHP   1. {main}() /home/ubuntu/workspace/template/admissionFormTemp3.php:0
[16-Jul-2016 12:45:19 UTC] PHP   2. mysql_fetch_array() /home/ubuntu/workspace/template/admissionFormTemp3.php:187
[16-Jul-2016 12:45:19 UTC] PHP Warning:  mysql_fetch_array() expects parameter 1 to be resource, boolean given in /home/ubuntu/workspace/template/admissionFormTemp3.php on line 202
[16-Jul-2016 12:45:19 UTC] PHP Stack trace:
[16-Jul-2016 12:45:19 UTC] PHP   1. {main}() /home/ubuntu/workspace/template/admissionFormTemp3.php:0
[16-Jul-2016 12:45:19 UTC] PHP   2. mysql_fetch_array() /home/ubuntu/workspace/template/admissionFormTemp3.php:202
[16-Jul-2016 12:45:19 UTC] PHP Warning:  mysql_fetch_array() expects parameter 1 to be resource, boolean given in /home/ubuntu/workspace/template/admissionFormTemp3.php on line 218
[16-Jul-2016 12:45:19 UTC] PHP Stack trace:
[16-Jul-2016 12:45:19 UTC] PHP   1. {main}() /home/ubuntu/workspace/template/admissionFormTemp3.php:0
[16-Jul-2016 12:45:19 UTC] PHP   2. mysql_fetch_array() /home/ubuntu/workspace/template/admissionFormTemp3.php:218
[16-Jul-2016 12:45:19 UTC] PHP Warning:  mysql_fetch_array() expects parameter 1 to be resource, boolean given in /home/ubuntu/workspace/template/admissionFormTemp3.php on line 234
[16-Jul-2016 12:45:19 UTC] PHP Stack trace:
[16-Jul-2016 12:45:19 UTC] PHP   1. {main}() /home/ubuntu/workspace/template/admissionFormTemp3.php:0
[16-Jul-2016 12:45:19 UTC] PHP   2. mysql_fetch_array() /home/ubuntu/workspace/template/admissionFormTemp3.php:234
[16-Jul-2016 12:45:19 UTC] PHP Warning:  mysql_fetch_array() expects parameter 1 to be resource, boolean given in /home/ubuntu/workspace/template/admissionFormTemp3.php on line 249
[16-Jul-2016 12:45:19 UTC] PHP Stack trace:
[16-Jul-2016 12:45:19 UTC] PHP   1. {main}() /home/ubuntu/workspace/template/admissionFormTemp3.php:0
[16-Jul-2016 12:45:19 UTC] PHP   2. mysql_fetch_array() /home/ubuntu/workspace/template/admissionFormTemp3.php:249
[16-Jul-2016 19:15:31 UTC] PHP Warning:  mysqli::mysqli(): (HY000/1045): Access denied for user 'ass'@'localhost' (using password: NO) in /home/ubuntu/workspace/template/editdata.php on line 34
[16-Jul-2016 19:15:31 UTC] PHP Stack trace:
[16-Jul-2016 19:15:31 UTC] PHP   1. {main}() /home/ubuntu/workspace/template/editdata.php:0
[16-Jul-2016 19:15:31 UTC] PHP   2. mysqli->mysqli() /home/ubuntu/workspace/template/editdata.php:34
[16-Jul-2016 19:15:31 UTC] PHP Warning:  mysqli::mysqli(): (HY000/1045): Access denied for user 'test'@'localhost' (using password: NO) in /home/ubuntu/workspace/template/editdata.php on line 37
[16-Jul-2016 19:15:31 UTC] PHP Stack trace:
[16-Jul-2016 19:15:31 UTC] PHP   1. {main}() /home/ubuntu/workspace/template/editdata.php:0
[16-Jul-2016 19:15:31 UTC] PHP   2. mysqli->mysqli() /home/ubuntu/workspace/template/editdata.php:37
[16-Jul-2016 19:15:31 UTC] PHP Warning:  mysqli::mysqli(): (HY000/1045): Access denied for user 'cash'@'localhost' (using password: NO) in /home/ubuntu/workspace/template/editdata.php on line 40
[16-Jul-2016 19:15:31 UTC] PHP Stack trace:
[16-Jul-2016 19:15:31 UTC] PHP   1. {main}() /home/ubuntu/workspace/template/editdata.php:0
[16-Jul-2016 19:15:31 UTC] PHP   2. mysqli->mysqli() /home/ubuntu/workspace/template/editdata.php:40
[16-Jul-2016 19:15:31 UTC] PHP Warning:  mysqli::mysqli(): (HY000/1045): Access denied for user '23423.0000'@'localhost' (using password: NO) in /home/ubuntu/workspace/template/editdata.php on line 44
[16-Jul-2016 19:15:31 UTC] PHP Stack trace:
[16-Jul-2016 19:15:31 UTC] PHP   1. {main}() /home/ubuntu/workspace/template/editdata.php:0
[16-Jul-2016 19:15:31 UTC] PHP   2. mysqli->mysqli() /home/ubuntu/workspace/template/editdata.php:44
[16-Jul-2016 19:15:31 UTC] PHP Warning:  mysqli::mysqli(): (HY000/1045): Access denied for user '234'@'localhost' (using password: NO) in /home/ubuntu/workspace/template/editdata.php on line 47
[16-Jul-2016 19:15:31 UTC] PHP Stack trace:
[16-Jul-2016 19:15:31 UTC] PHP   1. {main}() /home/ubuntu/workspace/template/editdata.php:0
[16-Jul-2016 19:15:31 UTC] PHP   2. mysqli->mysqli() /home/ubuntu/workspace/template/editdata.php:47
[16-Jul-2016 19:15:31 UTC] PHP Warning:  mysqli::mysqli(): (HY000/1045): Access denied for user '1970-01-01'@'localhost' (using password: NO) in /home/ubuntu/workspace/template/editdata.php on line 50
[16-Jul-2016 19:15:31 UTC] PHP Stack trace:
[16-Jul-2016 19:15:31 UTC] PHP   1. {main}() /home/ubuntu/workspace/template/editdata.php:0
[16-Jul-2016 19:15:31 UTC] PHP   2. mysqli->mysqli() /home/ubuntu/workspace/template/editdata.php:50
[16-Jul-2016 19:15:31 UTC] PHP Catchable fatal error:  Object of class mysqli could not be converted to string in /home/ubuntu/workspace/template/editdata.php on line 52
[16-Jul-2016 19:15:31 UTC] PHP Stack trace:
[16-Jul-2016 19:15:31 UTC] PHP   1. {main}() /home/ubuntu/workspace/template/editdata.php:0
[16-Jul-2016 19:21:54 UTC] PHP Parse error:  syntax error, unexpected ',' in /home/ubuntu/workspace/template/editdata.php on line 27
[16-Jul-2016 19:31:16 UTC] PHP Warning:  mysql_query(): Access denied for user ''@'localhost' (using password: NO) in /home/ubuntu/workspace/template/editdata.php on line 402
[16-Jul-2016 19:31:16 UTC] PHP Stack trace:
[16-Jul-2016 19:31:16 UTC] PHP   1. {main}() /home/ubuntu/workspace/template/editdata.php:0
[16-Jul-2016 19:31:16 UTC] PHP   2. mysql_query() /home/ubuntu/workspace/template/editdata.php:402
[16-Jul-2016 19:31:16 UTC] PHP Warning:  mysql_query(): A link to the server could not be established in /home/ubuntu/workspace/template/editdata.php on line 402
[16-Jul-2016 19:31:16 UTC] PHP Stack trace:
[16-Jul-2016 19:31:16 UTC] PHP   1. {main}() /home/ubuntu/workspace/template/editdata.php:0
[16-Jul-2016 19:31:16 UTC] PHP   2. mysql_query() /home/ubuntu/workspace/template/editdata.php:402
[16-Jul-2016 19:31:16 UTC] PHP Warning:  mysql_fetch_assoc() expects parameter 1 to be resource, boolean given in /home/ubuntu/workspace/template/editdata.php on line 403
[16-Jul-2016 19:31:16 UTC] PHP Stack trace:
[16-Jul-2016 19:31:16 UTC] PHP   1. {main}() /home/ubuntu/workspace/template/editdata.php:0
[16-Jul-2016 19:31:16 UTC] PHP   2. mysql_fetch_assoc() /home/ubuntu/workspace/template/editdata.php:403
[17-Jul-2016 11:58:41 UTC] PHP Warning:  mysql_fetch_array() expects parameter 1 to be resource, boolean given in /home/ubuntu/workspace/template/admissionListTemp.php on line 133
[17-Jul-2016 11:58:41 UTC] PHP Stack trace:
[17-Jul-2016 11:58:41 UTC] PHP   1. {main}() /home/ubuntu/workspace/template/admissionListTemp.php:0
[17-Jul-2016 11:58:41 UTC] PHP   2. mysql_fetch_array() /home/ubuntu/workspace/template/admissionListTemp.php:133
[17-Jul-2016 11:59:19 UTC] PHP Warning:  mysql_fetch_array() expects parameter 1 to be resource, boolean given in /home/ubuntu/workspace/template/admissionListTemp.php on line 133
[17-Jul-2016 11:59:19 UTC] PHP Stack trace:
[17-Jul-2016 11:59:19 UTC] PHP   1. {main}() /home/ubuntu/workspace/template/admissionListTemp.php:0
[17-Jul-2016 11:59:19 UTC] PHP   2. mysql_fetch_array() /home/ubuntu/workspace/template/admissionListTemp.php:133
